[2026-05-12 15:32:34] Server     INFO  Apache Jena Fuseki 4.6.1
[2026-05-12 15:32:34] Server     INFO  Configuration file: ../.fuseki.ttl
[2026-05-12 15:32:34] Server     INFO  Path = /cti
[2026-05-12 15:32:34] Server     INFO  System
[2026-05-12 15:32:34] Server     INFO    Memory: 3,9 GiB
[2026-05-12 15:32:34] Server     INFO    Java:   21.0.8
[2026-05-12 15:32:34] Server     INFO    OS:     Windows 11 10.0 amd64
[2026-05-12 15:32:34] Server     INFO    PID:    328
[2026-05-12 15:32:34] Server     INFO  Start Fuseki (http=3030)
[2026-05-12 15:32:47] Fuseki     INFO  [1] GET http://localhost:3030/cti/sparql?query=select%20?g%20%7B%20graph%20?g%20%7B%20?o%20a%20%3Chttp://www.w3.org/2002/07/owl%23Ontology%3E%20%7D%20%7D
[2026-05-12 15:32:47] Fuseki     INFO  [1] Query = select ?g { graph ?g { ?o a <http://www.w3.org/2002/07/owl#Ontology> } }
[2026-05-12 15:32:47] Fuseki     INFO  [1] 200 OK (33 ms)
[2026-05-12 15:32:47] Fuseki     INFO  [3] PUT http://localhost:3030/cti?graph=http://gic.ufrpe.br/cti/description/cti-pe
[2026-05-12 15:32:47] Fuseki     INFO  [4] PUT http://localhost:3030/cti?graph=http://gic.ufrpe.br/cti/vocabulary/bundle/individuals
[2026-05-12 15:32:47] Fuseki     INFO  [2] PUT http://localhost:3030/cti?graph=http://gic.ufrpe.br/cti/vocabulary/bundle/properties
[2026-05-12 15:32:47] Fuseki     INFO  [6] PUT http://localhost:3030/cti?graph=http://purl.org/dc/elements/1.1
[2026-05-12 15:32:47] Fuseki     INFO  [5] PUT http://localhost:3030/cti?graph=http://gic.ufrpe.br/cti/vocabulary/cti
[2026-05-12 15:32:47] Fuseki     INFO  [9] PUT http://localhost:3030/cti?graph=http://gic.ufrpe.br/cti/vocabulary/bundle/classes
[2026-05-12 15:32:47] Fuseki     INFO  [7] PUT http://localhost:3030/cti?graph=http://gic.ufrpe.br/cti/description/cti-pe-csv
[2026-05-12 15:32:47] Fuseki     INFO  [8] PUT http://localhost:3030/cti?graph=http://gic.ufrpe.br/cti/vocabulary/bundle
[2026-05-12 15:32:47] Fuseki     INFO  [4] Body: Content-Length=464036, Content-Type=text/turtle, Charset=null => Turtle : Count=4923 Triples=4923 Quads=0
[2026-05-12 15:32:47] Fuseki     INFO  [4] 201 Created (457 ms)
[2026-05-12 15:32:47] Fuseki     INFO  [2] Body: Content-Length=11550, Content-Type=text/turtle, Charset=null => Turtle : Count=123 Triples=123 Quads=0
[2026-05-12 15:32:47] Fuseki     INFO  [2] 201 Created (479 ms)
[2026-05-12 15:32:47] Fuseki     INFO  [3] Body: Content-Length=33546, Content-Type=application/rdf+xml, Charset=null => RDF/XML : Count=304 Triples=304 Quads=0
[2026-05-12 15:32:47] Fuseki     INFO  [3] 201 Created (625 ms)
[2026-05-12 15:32:47] Fuseki     INFO  [6] Body: Content-Length=4083, Content-Type=application/rdf+xml, Charset=null => RDF/XML : Count=27 Triples=27 Quads=0
[2026-05-12 15:32:47] Fuseki     INFO  [6] 201 Created (633 ms)
[2026-05-12 15:32:47] Fuseki     INFO  [5] Body: Content-Length=24011, Content-Type=application/rdf+xml, Charset=null => RDF/XML : Count=191 Triples=191 Quads=0
[2026-05-12 15:32:47] Fuseki     INFO  [5] 201 Created (655 ms)
[2026-05-12 15:32:47] Fuseki     INFO  [9] Body: Content-Length=7557, Content-Type=text/turtle, Charset=null => Turtle : Count=84 Triples=84 Quads=0
[2026-05-12 15:32:47] Fuseki     INFO  [9] 201 Created (664 ms)
[2026-05-12 15:32:47] Fuseki     INFO  [8] Body: Content-Length=1393, Content-Type=application/rdf+xml, Charset=null => RDF/XML : Count=9 Triples=9 Quads=0
[2026-05-12 15:32:47] Fuseki     INFO  [8] 201 Created (670 ms)
[2026-05-12 15:32:48] Fuseki     INFO  [7] Body: Content-Length=498736, Content-Type=application/rdf+xml, Charset=null => RDF/XML : Count=4592 Triples=4592 Quads=0
[2026-05-12 15:32:48] Fuseki     INFO  [7] 201 Created (923 ms)
[2026-05-12 15:32:48] Fuseki     INFO  [10] GET http://localhost:3030/cti/sparql?query=PREFIX%20%20cti:%20%20%3Chttp://gic.ufrpe.br/cti/vocabulary/cti%23%3E%0A%0ASELECT%20%20?instituicao%20%28COUNT%28DISTINCT%20?ppg%29%20AS%20?qtd%29%0AWHERE%0A%20%20%7B%20?ppg%20%20a%20%20%20%20%20%20%20%20%20%20%20%20%20%20%20%20%20%20%20%20%20cti:PPG%20%3B%0A%20%20%20%20%20%20%20%20%20%20cti:sediado%20%20%20%20%20%20%20%20%20%20%20?ict%20.%0A%20%20%20%20?ict%20%20cti:nm_entidade_ensino%20%20?instituicao%0A%20%20%7D%0AGROUP%20BY%20?instituicao%0AORDER%20BY%20DESC%28?qtd%29%0A
[2026-05-12 15:32:48] Fuseki     INFO  [10] Query = PREFIX  cti:  <http://gic.ufrpe.br/cti/vocabulary/cti#>  SELECT  ?instituicao (COUNT(DISTINCT ?ppg) AS ?qtd) WHERE   { ?ppg  a                     cti:PPG ;           cti:sediado           ?ict .     ?ict  cti:nm_entidade_ensino  ?instituicao   } GROUP BY ?instituicao ORDER BY DESC(?qtd) 
[2026-05-12 15:32:48] Fuseki     INFO  [11] GET http://localhost:3030/cti/sparql?query=PREFIX%20%20cti:%20%20%3Chttp://gic.ufrpe.br/cti/vocabulary/cti%23%3E%0A%0ASELECT%20%20?ano%20?veiculo%20?titulo%0AWHERE%0A%20%20%7B%20?artigo%20%20%20a%20%20%20%20%20%20%20%20%20%20%20%20%20%20%20%20%20%20%20%20%20cti:Producao_Cientifica%20%3B%0A%20%20%20%20%20%20%20%20%20%20%20%20%20%20cti:an_base_producao%20%20?ano%20%3B%0A%20%20%20%20%20%20%20%20%20%20%20%20%20%20cti:nm_titulo%20%20%20%20%20%20%20%20%20?titulo%20%3B%0A%20%20%20%20%20%20%20%20%20%20%20%20%20%20cti:publicada%20%20%20%20%20%20%20%20%20?veiculoInd%20.%0A%20%20%20%20?veiculoInd%20%20cti:nm_veiculo_publicacao%20%20?veiculo%0A%20%20%7D%0AORDER%20BY%20?ano%20?veiculo%20?titulo%0A
[2026-05-12 15:32:48] Fuseki     INFO  [11] Query = PREFIX  cti:  <http://gic.ufrpe.br/cti/vocabulary/cti#>  SELECT  ?ano ?veiculo ?titulo WHERE   { ?artigo   a                     cti:Producao_Cientifica ;               cti:an_base_producao  ?ano ;               cti:nm_titulo         ?titulo ;               cti:publicada         ?veiculoInd .     ?veiculoInd  cti:nm_veiculo_publicacao  ?veiculo   } ORDER BY ?ano ?veiculo ?titulo 
[2026-05-12 15:32:48] Fuseki     INFO  [12] GET http://localhost:3030/cti/sparql?query=PREFIX%20%20cti:%20%20%3Chttp://gic.ufrpe.br/cti/vocabulary/cti%23%3E%0A%0ASELECT%20%20?programaNome%20?conceito%20%28COUNT%28DISTINCT%20?artigo%29%20AS%20?producoes%29%0AWHERE%0A%20%20%7B%20?programa%20%20a%20%20%20%20%20%20%20%20%20%20%20%20%20%20%20%20%20%20%20%20cti:PPG%20%3B%0A%20%20%20%20%20%20%20%20%20%20%20%20%20%20cti:nm_programa_ies%20%20%20?programaNome%20%3B%0A%20%20%20%20%20%20%20%20%20%20%20%20%20%20cti:avaliado%20%20%20%20%20%20%20%20%20%20?avaliacao%20.%0A%20%20%20%20?avaliacao%20%20cti:cd_conceito_programa%20%20?conceito%20.%0A%20%20%20%20?artigo%20%20%20a%20%20%20%20%20%20%20%20%20%20%20%20%20%20%20%20%20%20%20%20%20cti:Producao_Cientifica%20%3B%0A%20%20%20%20%20%20%20%20%20%20%20%20%20%20cti:an_base_producao%20%20?ano%0A%20%20%20%20FILTER%20%28%20%28%20?ano%20%3E%3D%202017%20%29%20%26%26%20%28%20?ano%20%3C%3D%202024%20%29%20%29%0A%20%20%7D%0AGROUP%20BY%20?programaNome%20?conceito%0AORDER%20BY%20DESC%28?producoes%29%0A
[2026-05-12 15:32:48] Fuseki     INFO  [12] Query = PREFIX  cti:  <http://gic.ufrpe.br/cti/vocabulary/cti#>  SELECT  ?programaNome ?conceito (COUNT(DISTINCT ?artigo) AS ?producoes) WHERE   { ?programa  a                    cti:PPG ;               cti:nm_programa_ies   ?programaNome ;               cti:avaliado          ?avaliacao .     ?avaliacao  cti:cd_conceito_programa  ?conceito .     ?artigo   a                     cti:Producao_Cientifica ;               cti:an_base_producao  ?ano     FILTER ( ( ?ano >= 2017 ) && ( ?ano <= 2024 ) )   } GROUP BY ?programaNome ?conceito ORDER BY DESC(?producoes) 
[2026-05-12 15:32:48] Fuseki     INFO  [14] GET http://localhost:3030/cti/sparql?query=PREFIX%20%20cti:%20%20%3Chttp://gic.ufrpe.br/cti/vocabulary/cti%23%3E%0A%0ASELECT%20%20?autorNome%20%28AVG%28?citacoes%29%20AS%20?mediaCitacoes%29%0AWHERE%0A%20%20%7B%20?autor%20%20a%20%20%20%20%20%20%20%20%20%20%20%20%20%20%20%20%20%20%20%20%20cti:Autor%20%3B%0A%20%20%20%20%20%20%20%20%20%20%20%20cti:nm_pessoa%20%20%20%20%20%20%20%20%20?autorNome%20%3B%0A%20%20%20%20%20%20%20%20%20%20%20%20cti:mensurado%20%20%20%20%20%20%20%20%20?m%20.%0A%20%20%20%20?m%20%20%20%20%20%20cti:nr_citacoes_autor%20%20?citacoes%0A%20%20%7D%0AGROUP%20BY%20?autorNome%0AORDER%20BY%20DESC%28?mediaCitacoes%29%0A
[2026-05-12 15:32:48] Fuseki     INFO  [13] GET http://localhost:3030/cti/sparql?query=PREFIX%20%20cti:%20%20%3Chttp://gic.ufrpe.br/cti/vocabulary/cti%23%3E%0A%0ASELECT%20%20?autorNome%20%28COUNT%28DISTINCT%20?artigo%29%20AS%20?publicacoes%29%20%28coalesce%28AVG%28?citacoes%29%2C%200%29%20AS%20?mediaCitacoes%29%0AWHERE%0A%20%20%7B%20?autor%20%20a%20%20%20%20%20%20%20%20%20%20%20%20%20%20cti:Autor%20%3B%0A%20%20%20%20%20%20%20%20%20%20%20%20cti:nm_pessoa%20%20?autorNome%0A%20%20%20%20OPTIONAL%0A%20%20%20%20%20%20%7B%20?autor%20%20cti:autoria%20%20?artigo%20%7D%0A%20%20%20%20OPTIONAL%0A%20%20%20%20%20%20%7B%20?autor%20%20cti:mensurado%20%20%20%20%20%20%20%20%20?m%20.%0A%20%20%20%20%20%20%20%20?m%20%20%20%20%20%20cti:nr_citacoes_autor%20%20?citacoes%0A%20%20%20%20%20%20%7D%0A%20%20%7D%0AGROUP%20BY%20?autor%20?autorNome%0AORDER%20BY%20DESC%28?publicacoes%29%20DESC%28?mediaCitacoes%29%0A
[2026-05-12 15:32:48] Fuseki     INFO  [13] Query = PREFIX  cti:  <http://gic.ufrpe.br/cti/vocabulary/cti#>  SELECT  ?autorNome (COUNT(DISTINCT ?artigo) AS ?publicacoes) (coalesce(AVG(?citacoes), 0) AS ?mediaCitacoes) WHERE   { ?autor  a              cti:Autor ;             cti:nm_pessoa  ?autorNome     OPTIONAL       { ?autor  cti:autoria  ?artigo }     OPTIONAL       { ?autor  cti:mensurado         ?m .         ?m      cti:nr_citacoes_autor  ?citacoes       }   } GROUP BY ?autor ?autorNome ORDER BY DESC(?publicacoes) DESC(?mediaCitacoes) 
[2026-05-12 15:32:48] Fuseki     INFO  [15] GET http://localhost:3030/cti/sparql?query=PREFIX%20%20cti:%20%20%3Chttp://gic.ufrpe.br/cti/vocabulary/cti%23%3E%0A%0ASELECT%20%20?x%0AWHERE%0A%20%20%7B%20?x%20%20a%20%20cti:PPG%20%7D%0A
[2026-05-12 15:32:48] Fuseki     INFO  [16] GET http://localhost:3030/cti/sparql?query=PREFIX%20%20cti:%20%20%3Chttp://gic.ufrpe.br/cti/vocabulary/cti%23%3E%0A%0ASELECT%20%20?ppg_nome%20?ano%20?conceito%0AWHERE%0A%20%20%7B%20?ppg%20%20a%20%20%20%20%20%20%20%20%20%20%20%20%20%20%20%20%20%20%20%20%20cti:PPG%20%3B%0A%20%20%20%20%20%20%20%20%20%20cti:nm_programa_ies%20%20%20?ppg_nome%20%3B%0A%20%20%20%20%20%20%20%20%20%20cti:avaliado%20%20%20%20%20%20%20%20%20%20?c%20.%0A%20%20%20%20?c%20%20%20%20cti:an_base_conceito%20%20?ano%20%3B%0A%20%20%20%20%20%20%20%20%20%20cti:cd_conceito_programa%20%20?conceito%0A%20%20%7D%0AORDER%20BY%20?ppg_nome%20?ano%0A
[2026-05-12 15:32:48] Fuseki     INFO  [15] Query = PREFIX  cti:  <http://gic.ufrpe.br/cti/vocabulary/cti#>  SELECT  ?x WHERE   { ?x  a  cti:PPG } 
[2026-05-12 15:32:48] Fuseki     INFO  [14] Query = PREFIX  cti:  <http://gic.ufrpe.br/cti/vocabulary/cti#>  SELECT  ?autorNome (AVG(?citacoes) AS ?mediaCitacoes) WHERE   { ?autor  a                     cti:Autor ;             cti:nm_pessoa         ?autorNome ;             cti:mensurado         ?m .     ?m      cti:nr_citacoes_autor  ?citacoes   } GROUP BY ?autorNome ORDER BY DESC(?mediaCitacoes) 
[2026-05-12 15:32:48] Fuseki     INFO  [17] GET http://localhost:3030/cti/sparql?query=PREFIX%20%20cti:%20%20%3Chttp://gic.ufrpe.br/cti/vocabulary/cti%23%3E%0A%0ASELECT%20%20?siglaIct%20?ppgNome%20?docente%20?docenteNome%0AWHERE%0A%20%20%7B%20?ppg%20%20%20%20%20%20a%20%20%20%20%20%20%20%20%20%20%20%20%20%20%20%20%20%20%20%20%20cti:PPG%20%3B%0A%20%20%20%20%20%20%20%20%20%20%20%20%20%20cti:nm_programa_ies%20%20%20?ppgNome%20%3B%0A%20%20%20%20%20%20%20%20%20%20%20%20%20%20cti:sediado%20%20%20%20%20%20%20%20%20%20%20?ict%20.%0A%20%20%20%20?ict%20%20%20%20%20%20cti:sg_entidade_ensino%20%20?siglaIct%20.%0A%20%20%20%20?docente%20%20a%20%20%20%20%20%20%20%20%20%20%20%20%20%20%20%20%20%20%20%20%20cti:Docente%20%3B%0A%20%20%20%20%20%20%20%20%20%20%20%20%20%20cti:membro%20%20%20%20%20%20%20%20%20%20%20%20?ppg%20%3B%0A%20%20%20%20%20%20%20%20%20%20%20%20%20%20cti:nm_pessoa%20%20%20%20%20%20%20%20%20?docenteNome%0A%20%20%7D%0AORDER%20BY%20?siglaIct%20?ppgNome%20?docenteNome%0A
[2026-05-12 15:32:48] Fuseki     INFO  [16] Query = PREFIX  cti:  <http://gic.ufrpe.br/cti/vocabulary/cti#>  SELECT  ?ppg_nome ?ano ?conceito WHERE   { ?ppg  a                     cti:PPG ;           cti:nm_programa_ies   ?ppg_nome ;           cti:avaliado          ?c .     ?c    cti:an_base_conceito  ?ano ;           cti:cd_conceito_programa  ?conceito   } ORDER BY ?ppg_nome ?ano 
[2026-05-12 15:32:48] Fuseki     INFO  [17] Query = PREFIX  cti:  <http://gic.ufrpe.br/cti/vocabulary/cti#>  SELECT  ?siglaIct ?ppgNome ?docente ?docenteNome WHERE   { ?ppg      a                     cti:PPG ;               cti:nm_programa_ies   ?ppgNome ;               cti:sediado           ?ict .     ?ict      cti:sg_entidade_ensino  ?siglaIct .     ?docente  a                     cti:Docente ;               cti:membro            ?ppg ;               cti:nm_pessoa         ?docenteNome   } ORDER BY ?siglaIct ?ppgNome ?docenteNome 
[2026-05-12 15:32:48] Fuseki     INFO  [13] 200 OK (129 ms)
[2026-05-12 15:32:48] Fuseki     INFO  [10] 200 OK (136 ms)
[2026-05-12 15:32:48] Fuseki     INFO  [11] 200 OK (133 ms)
[2026-05-12 15:32:48] Fuseki     INFO  [17] 200 OK (130 ms)
[2026-05-12 15:32:48] Fuseki     INFO  [15] 200 OK (134 ms)
[2026-05-12 15:32:48] Fuseki     INFO  [14] 200 OK (136 ms)
[2026-05-12 15:32:48] Fuseki     INFO  [16] 200 OK (140 ms)
[2026-05-12 15:32:48] Fuseki     INFO  [12] 200 OK (335 ms)
